2020-10-29 16:15:28.954 ----> [main] ---> DEBUG com.example.sam.SamApplication - Running with Spring Boot v2.3.4.RELEASE, Spring v5.2.9.RELEASE
2020-10-29 16:15:30.750 ----> [main] ---> DEBUG com.example.sam.SamApplication - --------hhahahahha 
2020-10-29 16:15:30.766 ----> [main] ---> DEBUG com.example.sam.OutSidUserDao.selectUsers - ==>  Preparing: select * from outside_users
2020-10-29 16:15:30.785 ----> [main] ---> DEBUG com.example.sam.OutSidUserDao.selectUsers - ==> Parameters: 
2020-10-29 16:15:30.819 ----> [main] ---> DEBUG com.example.sam.OutSidUserDao.selectUsers - <==      Total: 17
2020-10-29 16:59:38.554 ----> [main] ---> DEBUG com.example.sam.SamApplication - Running with Spring Boot v2.3.4.RELEASE, Spring v5.2.9.RELEASE
2020-10-29 16:59:41.717 ----> [main] ---> DEBUG com.example.sam.SamApplication - --------hhahahahha 
2020-10-29 17:01:21.491 ----> [main] ---> DEBUG com.example.sam.SamApplication - Running with Spring Boot v2.3.4.RELEASE, Spring v5.2.9.RELEASE
2020-10-29 17:01:23.394 ----> [main] ---> DEBUG com.example.sam.SamApplication - --------hhahahahha 
2020-10-29 17:01:55.753 ----> [main] ---> DEBUG com.example.sam.SamApplication - Running with Spring Boot v2.3.4.RELEASE, Spring v5.2.9.RELEASE
2020-10-29 17:01:57.628 ----> [main] ---> DEBUG com.example.sam.SamApplication - --------hhahahahha 
2020-10-29 17:02:48.571 ----> [main] ---> DEBUG com.example.sam.SamApplication - Running with Spring Boot v2.3.4.RELEASE, Spring v5.2.9.RELEASE
2020-10-29 17:02:50.334 ----> [main] ---> DEBUG com.example.sam.SamApplication - --------hhahahahha 
2020-10-29 17:04:29.218 ----> [main] ---> DEBUG com.example.sam.SamApplication - Running with Spring Boot v2.3.4.RELEASE, Spring v5.2.9.RELEASE
2020-10-29 17:04:30.956 ----> [main] ---> DEBUG com.example.sam.SamApplication - --------hhahahahha 
2020-10-29 17:13:21.185 ----> [main] ---> DEBUG com.example.sam.SamApplication - Running with Spring Boot v2.3.4.RELEASE, Spring v5.2.9.RELEASE
2020-10-29 17:13:23.424 ----> [main] ---> DEBUG com.example.sam.SamApplication - --------hhahahahha 
2020-10-29 17:17:34.784 ----> [main] ---> DEBUG com.example.sam.SamApplication - Running with Spring Boot v2.3.4.RELEASE, Spring v5.2.9.RELEASE
2020-10-29 17:17:37.055 ----> [main] ---> DEBUG com.example.sam.SamApplication - --------hhahahahha 
2020-10-29 17:17:56.066 ----> [main] ---> DEBUG com.example.sam.SamApplication - Running with Spring Boot v2.3.4.RELEASE, Spring v5.2.9.RELEASE
2020-10-29 17:17:57.496 ----> [main] ---> DEBUG org.hibernate.jpa.internal.util.LogHelper - PersistenceUnitInfo [
	name: default
	persistence provider classname: null
	classloader: sun.misc.Launcher$AppClassLoader@18b4aac2
	excludeUnlistedClasses: true
	JTA datasource: null
	Non JTA datasource: {
	CreateTime:"2020-10-29 17:17:57",
	ActiveCount:0,
	PoolingCount:1,
	CreateCount:1,
	DestroyCount:0,
	CloseCount:1,
	ConnectCount:1,
	Connections:[
		{ID:719146276, ConnectTime:"2020-10-29 17:17:57", UseCount:1, LastActiveTime:"2020-10-29 17:17:57"}
	]
}
	Transaction type: RESOURCE_LOCAL
	PU root URL: file:/C:/Users/ldy/Desktop/sam/target/classes/
	Shared Cache Mode: UNSPECIFIED
	Validation Mode: AUTO
	Jar files URLs []
	Managed classes names [
		com.example.sam.OutSideUser]
	Mapping files names []
	Properties []
2020-10-29 17:17:57.503 ----> [main] ---> DEBUG o.h.integrator.internal.IntegratorServiceImpl - Adding Integrator [org.hibernate.cfg.beanvalidation.BeanValidationIntegrator].
2020-10-29 17:17:57.504 ----> [main] ---> DEBUG o.h.integrator.internal.IntegratorServiceImpl - Adding Integrator [org.hibernate.secure.spi.JaccIntegrator].
2020-10-29 17:17:57.505 ----> [main] ---> DEBUG o.h.integrator.internal.IntegratorServiceImpl - Adding Integrator [org.hibernate.cache.internal.CollectionCacheInvalidator].
2020-10-29 17:17:57.527 ----> [main] ---> DEBUG org.hibernate.cfg.Environment - HHH000206: hibernate.properties not found
2020-10-29 17:17:57.590 ----> [main] ---> DEBUG org.hibernate.service.spi.ServiceBinding - Overriding existing service binding [org.hibernate.secure.spi.JaccService]
2020-10-29 17:17:57.596 ----> [main] ---> DEBUG o.hibernate.cache.internal.RegionFactoryInitiator - Cannot default RegionFactory based on registered strategies as `[]` RegionFactory strategies were registered
2020-10-29 17:17:57.597 ----> [main] ---> DEBUG o.hibernate.cache.internal.RegionFactoryInitiator - Cache region factory : org.hibernate.cache.internal.NoCachingRegionFactory
2020-10-29 17:17:57.623 ----> [main] ---> DEBUG org.hibernate.type.BasicTypeRegistry - Adding type registration boolean -> org.hibernate.type.BooleanType@25b52284
2020-10-29 17:17:57.623 ----> [main] ---> DEBUG org.hibernate.type.BasicTypeRegistry - Adding type registration boolean -> org.hibernate.type.BooleanType@25b52284
2020-10-29 17:17:57.623 ----> [main] ---> DEBUG org.hibernate.type.BasicTypeRegistry - Adding type registration java.lang.Boolean -> org.hibernate.type.BooleanType@25b52284
2020-10-29 17:17:57.623 ----> [main] ---> DEBUG org.hibernate.type.BasicTypeRegistry - Adding type registration numeric_boolean -> org.hibernate.type.NumericBooleanType@38792286
2020-10-29 17:17:57.624 ----> [main] ---> DEBUG org.hibernate.type.BasicTypeRegistry - Adding type registration true_false -> org.hibernate.type.TrueFalseType@41fe8e5f
2020-10-29 17:17:57.624 ----> [main] ---> DEBUG org.hibernate.type.BasicTypeRegistry - Adding type registration yes_no -> org.hibernate.type.YesNoType@6f1a80fb
2020-10-29 17:17:57.625 ----> [main] ---> DEBUG org.hibernate.type.BasicTypeRegistry - Adding type registration byte -> org.hibernate.type.ByteType@4f6b687e
2020-10-29 17:17:57.626 ----> [main] ---> DEBUG org.hibernate.type.BasicTypeRegistry - Adding type registration byte -> org.hibernate.type.ByteType@4f6b687e
2020-10-29 17:17:57.626 ----> [main] ---> DEBUG org.hibernate.type.BasicTypeRegistry - Adding type registration java.lang.Byte -> org.hibernate.type.ByteType@4f6b687e
2020-10-29 17:17:57.626 ----> [main] ---> DEBUG org.hibernate.type.BasicTypeRegistry - Adding type registration character -> org.hibernate.type.CharacterType@9aa2002
2020-10-29 17:17:57.627 ----> [main] ---> DEBUG org.hibernate.type.BasicTypeRegistry - Adding type registration char -> org.hibernate.type.CharacterType@9aa2002
2020-10-29 17:17:57.627 ----> [main] ---> DEBUG org.hibernate.type.BasicTypeRegistry - Adding type registration java.lang.Character -> org.hibernate.type.CharacterType@9aa2002
2020-10-29 17:17:57.627 ----> [main] ---> DEBUG org.hibernate.type.BasicTypeRegistry - Adding type registration short -> org.hibernate.type.ShortType@71945bc0
2020-10-29 17:17:57.627 ----> [main] ---> DEBUG org.hibernate.type.BasicTypeRegistry - Adding type registration short -> org.hibernate.type.ShortType@71945bc0
2020-10-29 17:17:57.627 ----> [main] ---> DEBUG org.hibernate.type.BasicTypeRegistry - Adding type registration java.lang.Short -> org.hibernate.type.ShortType@71945bc0
2020-10-29 17:17:57.628 ----> [main] ---> DEBUG org.hibernate.type.BasicTypeRegistry - Adding type registration integer -> org.hibernate.type.IntegerType@19f7222e
2020-10-29 17:17:57.629 ----> [main] ---> DEBUG org.hibernate.type.BasicTypeRegistry - Adding type registration int -> org.hibernate.type.IntegerType@19f7222e
2020-10-29 17:17:57.629 ----> [main] ---> DEBUG org.hibernate.type.BasicTypeRegistry - Adding type registration java.lang.Integer -> org.hibernate.type.IntegerType@19f7222e
2020-10-29 17:17:57.630 ----> [main] ---> DEBUG org.hibernate.type.BasicTypeRegistry - Adding type registration long -> org.hibernate.type.LongType@29138d3a
2020-10-29 17:17:57.630 ----> [main] ---> DEBUG org.hibernate.type.BasicTypeRegistry - Adding type registration long -> org.hibernate.type.LongType@29138d3a
2020-10-29 17:17:57.630 ----> [main] ---> DEBUG org.hibernate.type.BasicTypeRegistry - Adding type registration java.lang.Long -> org.hibernate.type.LongType@29138d3a
2020-10-29 17:17:57.631 ----> [main] ---> DEBUG org.hibernate.type.BasicTypeRegistry - Adding type registration float -> org.hibernate.type.FloatType@51841ac6
2020-10-29 17:17:57.631 ----> [main] ---> DEBUG org.hibernate.type.BasicTypeRegistry - Adding type registration float -> org.hibernate.type.FloatType@51841ac6
2020-10-29 17:17:57.631 ----> [main] ---> DEBUG org.hibernate.type.BasicTypeRegistry - Adding type registration java.lang.Float -> org.hibernate.type.FloatType@51841ac6
2020-10-29 17:17:57.632 ----> [main] ---> DEBUG org.hibernate.type.BasicTypeRegistry - Adding type registration double -> org.hibernate.type.DoubleType@2e6f610d
2020-10-29 17:17:57.632 ----> [main] ---> DEBUG org.hibernate.type.BasicTypeRegistry - Adding type registration double -> org.hibernate.type.DoubleType@2e6f610d
2020-10-29 17:17:57.632 ----> [main] ---> DEBUG org.hibernate.type.BasicTypeRegistry - Adding type registration java.lang.Double -> org.hibernate.type.DoubleType@2e6f610d
2020-10-29 17:17:57.633 ----> [main] ---> DEBUG org.hibernate.type.BasicTypeRegistry - Adding type registration big_decimal -> org.hibernate.type.BigDecimalType@a2ddf26
2020-10-29 17:17:57.633 ----> [main] ---> DEBUG org.hibernate.type.BasicTypeRegistry - Adding type registration java.math.BigDecimal -> org.hibernate.type.BigDecimalType@a2ddf26
2020-10-29 17:17:57.633 ----> [main] ---> DEBUG org.hibernate.type.BasicTypeRegistry - Adding type registration big_integer -> org.hibernate.type.BigIntegerType@9fc9f91
2020-10-29 17:17:57.633 ----> [main] ---> DEBUG org.hibernate.type.BasicTypeRegistry - Adding type registration java.math.BigInteger -> org.hibernate.type.BigIntegerType@9fc9f91
2020-10-29 17:17:57.634 ----> [main] ---> DEBUG org.hibernate.type.BasicTypeRegistry - Adding type registration string -> org.hibernate.type.StringType@6850b758
2020-10-29 17:17:57.634 ----> [main] ---> DEBUG org.hibernate.type.BasicTypeRegistry - Adding type registration java.lang.String -> org.hibernate.type.StringType@6850b758
2020-10-29 17:17:57.634 ----> [main] ---> DEBUG org.hibernate.type.BasicTypeRegistry - Adding type registration nstring -> org.hibernate.type.StringNVarcharType@2f00f851
2020-10-29 17:17:57.635 ----> [main] ---> DEBUG org.hibernate.type.BasicTypeRegistry - Adding type registration ncharacter -> org.hibernate.type.CharacterNCharType@5d7ca698
2020-10-29 17:17:57.635 ----> [main] ---> DEBUG org.hibernate.type.BasicTypeRegistry - Adding type registration url -> org.hibernate.type.UrlType@534c6767
2020-10-29 17:17:57.635 ----> [main] ---> DEBUG org.hibernate.type.BasicTypeRegistry - Adding type registration java.net.URL -> org.hibernate.type.UrlType@534c6767
2020-10-29 17:17:57.636 ----> [main] ---> DEBUG org.hibernate.type.BasicTypeRegistry - Adding type registration Duration -> org.hibernate.type.DurationType@67b100fe
2020-10-29 17:17:57.636 ----> [main] ---> DEBUG org.hibernate.type.BasicTypeRegistry - Adding type registration java.time.Duration -> org.hibernate.type.DurationType@67b100fe
2020-10-29 17:17:57.637 ----> [main] ---> DEBUG org.hibernate.type.BasicTypeRegistry - Adding type registration Instant -> org.hibernate.type.InstantType@6a638c79
2020-10-29 17:17:57.637 ----> [main] ---> DEBUG org.hibernate.type.BasicTypeRegistry - Adding type registration java.time.Instant -> org.hibernate.type.InstantType@6a638c79
2020-10-29 17:17:57.638 ----> [main] ---> DEBUG org.hibernate.type.BasicTypeRegistry - Adding type registration LocalDateTime -> org.hibernate.type.LocalDateTimeType@4beabeec
2020-10-29 17:17:57.638 ----> [main] ---> DEBUG org.hibernate.type.BasicTypeRegistry - Adding type registration java.time.LocalDateTime -> org.hibernate.type.LocalDateTimeType@4beabeec
2020-10-29 17:17:57.638 ----> [main] ---> DEBUG org.hibernate.type.BasicTypeRegistry - Adding type registration LocalDate -> org.hibernate.type.LocalDateType@7cd4a4d7
2020-10-29 17:17:57.638 ----> [main] ---> DEBUG org.hibernate.type.BasicTypeRegistry - Adding type registration java.time.LocalDate -> org.hibernate.type.LocalDateType@7cd4a4d7
2020-10-29 17:17:57.639 ----> [main] ---> DEBUG org.hibernate.type.BasicTypeRegistry - Adding type registration LocalTime -> org.hibernate.type.LocalTimeType@2dd2e270
2020-10-29 17:17:57.639 ----> [main] ---> DEBUG org.hibernate.type.BasicTypeRegistry - Adding type registration java.time.LocalTime -> org.hibernate.type.LocalTimeType@2dd2e270
2020-10-29 17:17:57.640 ----> [main] ---> DEBUG org.hibernate.type.BasicTypeRegistry - Adding type registration OffsetDateTime -> org.hibernate.type.OffsetDateTimeType@14fa92af
2020-10-29 17:17:57.640 ----> [main] ---> DEBUG org.hibernate.type.BasicTypeRegistry - Adding type registration java.time.OffsetDateTime -> org.hibernate.type.OffsetDateTimeType@14fa92af
2020-10-29 17:17:57.640 ----> [main] ---> DEBUG org.hibernate.type.BasicTypeRegistry - Adding type registration OffsetTime -> org.hibernate.type.OffsetTimeType@10c07b8d
2020-10-29 17:17:57.640 ----> [main] ---> DEBUG org.hibernate.type.BasicTypeRegistry - Adding type registration java.time.OffsetTime -> org.hibernate.type.OffsetTimeType@10c07b8d
2020-10-29 17:17:57.642 ----> [main] ---> DEBUG org.hibernate.type.BasicTypeRegistry - Adding type registration ZonedDateTime -> org.hibernate.type.ZonedDateTimeType@304d0259
2020-10-29 17:17:57.642 ----> [main] ---> DEBUG org.hibernate.type.BasicTypeRegistry - Adding type registration java.time.ZonedDateTime -> org.hibernate.type.ZonedDateTimeType@304d0259
2020-10-29 17:17:57.643 ----> [main] ---> DEBUG org.hibernate.type.BasicTypeRegistry - Adding type registration date -> org.hibernate.type.DateType@3ad4a7d6
2020-10-29 17:17:57.643 ----> [main] ---> DEBUG org.hibernate.type.BasicTypeRegistry - Adding type registration java.sql.Date -> org.hibernate.type.DateType@3ad4a7d6
2020-10-29 17:17:57.644 ----> [main] ---> DEBUG org.hibernate.type.BasicTypeRegistry - Adding type registration time -> org.hibernate.type.TimeType@48840594
2020-10-29 17:17:57.644 ----> [main] ---> DEBUG org.hibernate.type.BasicTypeRegistry - Adding type registration java.sql.Time -> org.hibernate.type.TimeType@48840594
2020-10-29 17:17:57.645 ----> [main] ---> DEBUG org.hibernate.type.BasicTypeRegistry - Adding type registration timestamp -> org.hibernate.type.TimestampType@1c7f96b1
2020-10-29 17:17:57.645 ----> [main] ---> DEBUG org.hibernate.type.BasicTypeRegistry - Adding type registration java.sql.Timestamp -> org.hibernate.type.TimestampType@1c7f96b1
2020-10-29 17:17:57.645 ----> [main] ---> DEBUG org.hibernate.type.BasicTypeRegistry - Adding type registration java.util.Date -> org.hibernate.type.TimestampType@1c7f96b1
2020-10-29 17:17:57.646 ----> [main] ---> DEBUG org.hibernate.type.BasicTypeRegistry - Adding type registration dbtimestamp -> org.hibernate.type.DbTimestampType@1bc49bc5
2020-10-29 17:17:57.646 ----> [main] ---> DEBUG org.hibernate.type.BasicTypeRegistry - Adding type registration calendar -> org.hibernate.type.CalendarType@188cbcde
2020-10-29 17:17:57.647 ----> [main] ---> DEBUG org.hibernate.type.BasicTypeRegistry - Adding type registration java.util.Calendar -> org.hibernate.type.CalendarType@188cbcde
2020-10-29 17:17:57.647 ----> [main] ---> DEBUG org.hibernate.type.BasicTypeRegistry - Adding type registration java.util.GregorianCalendar -> org.hibernate.type.CalendarType@188cbcde
2020-10-29 17:17:57.647 ----> [main] ---> DEBUG org.hibernate.type.BasicTypeRegistry - Adding type registration calendar_date -> org.hibernate.type.CalendarDateType@35267fd4
2020-10-29 17:17:57.648 ----> [main] ---> DEBUG org.hibernate.type.BasicTypeRegistry - Adding type registration calendar_time -> org.hibernate.type.CalendarTimeType@9b21bd3
2020-10-29 17:17:57.648 ----> [main] ---> DEBUG org.hibernate.type.BasicTypeRegistry - Adding type registration locale -> org.hibernate.type.LocaleType@7903d448
2020-10-29 17:17:57.648 ----> [main] ---> DEBUG org.hibernate.type.BasicTypeRegistry - Adding type registration java.util.Locale -> org.hibernate.type.LocaleType@7903d448
2020-10-29 17:17:57.649 ----> [main] ---> DEBUG org.hibernate.type.BasicTypeRegistry - Adding type registration currency -> org.hibernate.type.CurrencyType@14ef2482
2020-10-29 17:17:57.649 ----> [main] ---> DEBUG org.hibernate.type.BasicTypeRegistry - Adding type registration java.util.Currency -> org.hibernate.type.CurrencyType@14ef2482
2020-10-29 17:17:57.649 ----> [main] ---> DEBUG org.hibernate.type.BasicTypeRegistry - Adding type registration timezone -> org.hibernate.type.TimeZoneType@1f11f64e
2020-10-29 17:17:57.650 ----> [main] ---> DEBUG org.hibernate.type.BasicTypeRegistry - Adding type registration java.util.TimeZone -> org.hibernate.type.TimeZoneType@1f11f64e
2020-10-29 17:17:57.650 ----> [main] ---> DEBUG org.hibernate.type.BasicTypeRegistry - Adding type registration class -> org.hibernate.type.ClassType@302edb74
2020-10-29 17:17:57.650 ----> [main] ---> DEBUG org.hibernate.type.BasicTypeRegistry - Adding type registration java.lang.Class -> org.hibernate.type.ClassType@302edb74
2020-10-29 17:17:57.651 ----> [main] ---> DEBUG org.hibernate.type.BasicTypeRegistry - Adding type registration uuid-binary -> org.hibernate.type.UUIDBinaryType@26844abb
2020-10-29 17:17:57.651 ----> [main] ---> DEBUG org.hibernate.type.BasicTypeRegistry - Adding type registration java.util.UUID -> org.hibernate.type.UUIDBinaryType@26844abb
2020-10-29 17:17:57.651 ----> [main] ---> DEBUG org.hibernate.type.BasicTypeRegistry - Adding type registration uuid-char -> org.hibernate.type.UUIDCharType@4068102e
2020-10-29 17:17:57.652 ----> [main] ---> DEBUG org.hibernate.type.BasicTypeRegistry - Adding type registration binary -> org.hibernate.type.BinaryType@36417a54
2020-10-29 17:17:57.652 ----> [main] ---> DEBUG org.hibernate.type.BasicTypeRegistry - Adding type registration byte[] -> org.hibernate.type.BinaryType@36417a54
2020-10-29 17:17:57.652 ----> [main] ---> DEBUG org.hibernate.type.BasicTypeRegistry - Adding type registration [B -> org.hibernate.type.BinaryType@36417a54
2020-10-29 17:17:57.652 ----> [main] ---> DEBUG org.hibernate.type.BasicTypeRegistry - Adding type registration wrapper-binary -> org.hibernate.type.WrapperBinaryType@46185a1b
2020-10-29 17:17:57.653 ----> [main] ---> DEBUG org.hibernate.type.BasicTypeRegistry - Adding type registration Byte[] -> org.hibernate.type.WrapperBinaryType@46185a1b
2020-10-29 17:17:57.653 ----> [main] ---> DEBUG org.hibernate.type.BasicTypeRegistry - Adding type registration [Ljava.lang.Byte; -> org.hibernate.type.WrapperBinaryType@46185a1b
2020-10-29 17:17:57.653 ----> [main] ---> DEBUG org.hibernate.type.BasicTypeRegistry - Adding type registration row_version -> org.hibernate.type.RowVersionType@fd9ebde
2020-10-29 17:17:57.653 ----> [main] ---> DEBUG org.hibernate.type.BasicTypeRegistry - Adding type registration image -> org.hibernate.type.ImageType@72f8ae0c
2020-10-29 17:17:57.654 ----> [main] ---> DEBUG org.hibernate.type.BasicTypeRegistry - Adding type registration characters -> org.hibernate.type.CharArrayType@7899de11
2020-10-29 17:17:57.654 ----> [main] ---> DEBUG org.hibernate.type.BasicTypeRegistry - Adding type registration char[] -> org.hibernate.type.CharArrayType@7899de11
2020-10-29 17:17:57.654 ----> [main] ---> DEBUG org.hibernate.type.BasicTypeRegistry - Adding type registration [C -> org.hibernate.type.CharArrayType@7899de11
2020-10-29 17:17:57.655 ----> [main] ---> DEBUG org.hibernate.type.BasicTypeRegistry - Adding type registration wrapper-characters -> org.hibernate.type.CharacterArrayType@13d9261f
2020-10-29 17:17:57.655 ----> [main] ---> DEBUG org.hibernate.type.BasicTypeRegistry - Adding type registration [Ljava.lang.Character; -> org.hibernate.type.CharacterArrayType@13d9261f
2020-10-29 17:17:57.655 ----> [main] ---> DEBUG org.hibernate.type.BasicTypeRegistry - Adding type registration Character[] -> org.hibernate.type.CharacterArrayType@13d9261f
2020-10-29 17:17:57.655 ----> [main] ---> DEBUG org.hibernate.type.BasicTypeRegistry - Adding type registration text -> org.hibernate.type.TextType@4110765e
2020-10-29 17:17:57.655 ----> [main] ---> DEBUG org.hibernate.type.BasicTypeRegistry - Adding type registration ntext -> org.hibernate.type.NTextType@673919a7
2020-10-29 17:17:57.656 ----> [main] ---> DEBUG org.hibernate.type.BasicTypeRegistry - Adding type registration blob -> org.hibernate.type.BlobType@78e22d35
2020-10-29 17:17:57.656 ----> [main] ---> DEBUG org.hibernate.type.BasicTypeRegistry - Adding type registration java.sql.Blob -> org.hibernate.type.BlobType@78e22d35
2020-10-29 17:17:57.656 ----> [main] ---> DEBUG org.hibernate.type.BasicTypeRegistry - Adding type registration materialized_blob -> org.hibernate.type.MaterializedBlobType@1aabf50d
2020-10-29 17:17:57.657 ----> [main] ---> DEBUG org.hibernate.type.BasicTypeRegistry - Adding type registration clob -> org.hibernate.type.ClobType@53ec2968
2020-10-29 17:17:57.657 ----> [main] ---> DEBUG org.hibernate.type.BasicTypeRegistry - Adding type registration java.sql.Clob -> org.hibernate.type.ClobType@53ec2968
2020-10-29 17:17:57.658 ----> [main] ---> DEBUG org.hibernate.type.BasicTypeRegistry - Adding type registration nclob -> org.hibernate.type.NClobType@4339baec
2020-10-29 17:17:57.658 ----> [main] ---> DEBUG org.hibernate.type.BasicTypeRegistry - Adding type registration java.sql.NClob -> org.hibernate.type.NClobType@4339baec
2020-10-29 17:17:57.658 ----> [main] ---> DEBUG org.hibernate.type.BasicTypeRegistry - Adding type registration materialized_clob -> org.hibernate.type.MaterializedClobType@6724cdec
2020-10-29 17:17:57.659 ----> [main] ---> DEBUG org.hibernate.type.BasicTypeRegistry - Adding type registration materialized_nclob -> org.hibernate.type.MaterializedNClobType@5bc7e78e
2020-10-29 17:17:57.660 ----> [main] ---> DEBUG org.hibernate.type.BasicTypeRegistry - Adding type registration serializable -> org.hibernate.type.SerializableType@2819c460
2020-10-29 17:17:57.661 ----> [main] ---> DEBUG org.hibernate.type.BasicTypeRegistry - Adding type registration object -> org.hibernate.type.ObjectType@761e788f
2020-10-29 17:17:57.662 ----> [main] ---> DEBUG org.hibernate.type.BasicTypeRegistry - Adding type registration java.lang.Object -> org.hibernate.type.ObjectType@761e788f
2020-10-29 17:17:57.662 ----> [main] ---> DEBUG org.hibernate.type.BasicTypeRegistry - Adding type registration imm_date -> org.hibernate.type.AdaptedImmutableType@5e65afb6
2020-10-29 17:17:57.662 ----> [main] ---> DEBUG org.hibernate.type.BasicTypeRegistry - Adding type registration imm_time -> org.hibernate.type.AdaptedImmutableType@5b3a7ef5
2020-10-29 17:17:57.662 ----> [main] ---> DEBUG org.hibernate.type.BasicTypeRegistry - Adding type registration imm_timestamp -> org.hibernate.type.AdaptedImmutableType@8851ce1
2020-10-29 17:17:57.662 ----> [main] ---> DEBUG org.hibernate.type.BasicTypeRegistry - Adding type registration imm_dbtimestamp -> org.hibernate.type.AdaptedImmutableType@2d9dff65
2020-10-29 17:17:57.662 ----> [main] ---> DEBUG org.hibernate.type.BasicTypeRegistry - Adding type registration imm_calendar -> org.hibernate.type.AdaptedImmutableType@5ef6fd7f
2020-10-29 17:17:57.662 ----> [main] ---> DEBUG org.hibernate.type.BasicTypeRegistry - Adding type registration imm_calendar_date -> org.hibernate.type.AdaptedImmutableType@5633ed82
2020-10-29 17:17:57.662 ----> [main] ---> DEBUG org.hibernate.type.BasicTypeRegistry - Adding type registration imm_binary -> org.hibernate.type.AdaptedImmutableType@767191b1
2020-10-29 17:17:57.663 ----> [main] ---> DEBUG org.hibernate.type.BasicTypeRegistry - Adding type registration imm_serializable -> org.hibernate.type.AdaptedImmutableType@34d52ecd
2020-10-29 17:17:57.666 ----> [main] ---> DEBUG org.hibernate.boot.internal.BootstrapContextImpl - Injecting JPA temp ClassLoader [org.springframework.instrument.classloading.SimpleThrowawayClassLoader@3d904e9c] into BootstrapContext; was [null]
2020-10-29 17:17:57.666 ----> [main] ---> DEBUG org.hibernate.boot.internal.ClassLoaderAccessImpl - ClassLoaderAccessImpl#injectTempClassLoader(org.springframework.instrument.classloading.SimpleThrowawayClassLoader@3d904e9c) [was null]
2020-10-29 17:17:57.667 ----> [main] ---> DEBUG org.hibernate.boot.internal.BootstrapContextImpl - Injecting ScanEnvironment [org.hibernate.jpa.boot.internal.StandardJpaScanEnvironmentImpl@22a736d7] into BootstrapContext; was [null]
2020-10-29 17:17:57.667 ----> [main] ---> DEBUG org.hibernate.boot.internal.BootstrapContextImpl - Injecting ScanOptions [org.hibernate.boot.archive.scan.internal.StandardScanOptions@23b8d9f3] into BootstrapContext; was [org.hibernate.boot.archive.scan.internal.StandardScanOptions@7f353d99]
2020-10-29 17:17:57.672 ----> [main] ---> DEBUG org.hibernate.boot.internal.BootstrapContextImpl - Injecting JPA temp ClassLoader [null] into BootstrapContext; was [org.springframework.instrument.classloading.SimpleThrowawayClassLoader@3d904e9c]
2020-10-29 17:17:57.673 ----> [main] ---> DEBUG org.hibernate.boot.internal.ClassLoaderAccessImpl - ClassLoaderAccessImpl#injectTempClassLoader(null) [was org.springframework.instrument.classloading.SimpleThrowawayClassLoader@3d904e9c]
2020-10-29 17:17:57.678 ----> [main] ---> DEBUG o.h.i.f.internal.DefaultIdentifierGeneratorFactory - Registering IdentifierGenerator strategy [uuid2] -> [org.hibernate.id.UUIDGenerator]
2020-10-29 17:17:57.678 ----> [main] ---> DEBUG o.h.i.f.internal.DefaultIdentifierGeneratorFactory - Registering IdentifierGenerator strategy [guid] -> [org.hibernate.id.GUIDGenerator]
2020-10-29 17:17:57.679 ----> [main] ---> DEBUG o.h.i.f.internal.DefaultIdentifierGeneratorFactory - Registering IdentifierGenerator strategy [uuid] -> [org.hibernate.id.UUIDHexGenerator]
2020-10-29 17:17:57.679 ----> [main] ---> DEBUG o.h.i.f.internal.DefaultIdentifierGeneratorFactory - Registering IdentifierGenerator strategy [uuid.hex] -> [org.hibernate.id.UUIDHexGenerator]
2020-10-29 17:17:57.679 ----> [main] ---> DEBUG o.h.i.f.internal.DefaultIdentifierGeneratorFactory - Registering IdentifierGenerator strategy [assigned] -> [org.hibernate.id.Assigned]
2020-10-29 17:17:57.680 ----> [main] ---> DEBUG o.h.i.f.internal.DefaultIdentifierGeneratorFactory - Registering IdentifierGenerator strategy [identity] -> [org.hibernate.id.IdentityGenerator]
2020-10-29 17:17:57.680 ----> [main] ---> DEBUG o.h.i.f.internal.DefaultIdentifierGeneratorFactory - Registering IdentifierGenerator strategy [select] -> [org.hibernate.id.SelectGenerator]
2020-10-29 17:17:57.681 ----> [main] ---> DEBUG o.h.i.f.internal.DefaultIdentifierGeneratorFactory - Registering IdentifierGenerator strategy [sequence] -> [org.hibernate.id.enhanced.SequenceStyleGenerator]
2020-10-29 17:17:57.681 ----> [main] ---> DEBUG o.h.i.f.internal.DefaultIdentifierGeneratorFactory - Registering IdentifierGenerator strategy [seqhilo] -> [org.hibernate.id.SequenceHiLoGenerator]
2020-10-29 17:17:57.681 ----> [main] ---> DEBUG o.h.i.f.internal.DefaultIdentifierGeneratorFactory - Registering IdentifierGenerator strategy [increment] -> [org.hibernate.id.IncrementGenerator]
2020-10-29 17:17:57.682 ----> [main] ---> DEBUG o.h.i.f.internal.DefaultIdentifierGeneratorFactory - Registering IdentifierGenerator strategy [foreign] -> [org.hibernate.id.ForeignGenerator]
2020-10-29 17:17:57.682 ----> [main] ---> DEBUG o.h.i.f.internal.DefaultIdentifierGeneratorFactory - Registering IdentifierGenerator strategy [sequence-identity] -> [org.hibernate.id.SequenceIdentityGenerator]
2020-10-29 17:17:57.682 ----> [main] ---> DEBUG o.h.i.f.internal.DefaultIdentifierGeneratorFactory - Registering IdentifierGenerator strategy [enhanced-sequence] -> [org.hibernate.id.enhanced.SequenceStyleGenerator]
2020-10-29 17:17:57.683 ----> [main] ---> DEBUG o.h.i.f.internal.DefaultIdentifierGeneratorFactory - Registering IdentifierGenerator strategy [enhanced-table] -> [org.hibernate.id.enhanced.TableGenerator]
2020-10-29 17:17:57.686 ----> [main] ---> DEBUG o.h.e.jdbc.env.internal.JdbcEnvironmentInitiator - Database ->
       name : MySQL
    version : 5.7.27-log
      major : 5
      minor : 7
2020-10-29 17:17:57.686 ----> [main] ---> DEBUG o.h.e.jdbc.env.internal.JdbcEnvironmentInitiator - Driver ->
       name : MySQL Connector/J
    version : mysql-connector-java-8.0.22 (Revision: d64b664fa93e81296a377de031b8123a67e6def2)
      major : 8
      minor : 0
2020-10-29 17:17:57.686 ----> [main] ---> DEBUG o.h.e.jdbc.env.internal.JdbcEnvironmentInitiator - JDBC version : 4.2
2020-10-29 17:17:57.704 ----> [main] ---> DEBUG o.h.engine.jdbc.env.spi.IdentifierHelperBuilder - JDBC driver metadata reported database stores quoted identifiers in more than one case
2020-10-29 17:17:57.708 ----> [main] ---> DEBUG o.h.engine.jdbc.env.spi.IdentifierHelperBuilder - IdentifierCaseStrategy for both quoted and unquoted identifiers was set to the same strategy [LOWER]; that will likely lead to problems in schema update and validation if using quoted identifiers
2020-10-29 17:17:57.731 ----> [main] ---> DEBUG org.hibernate.boot.model.relational.Namespace - Created database namespace [logicalName=Name{catalog=null, schema=null}, physicalName=Name{catalog=null, schema=null}]
2020-10-29 17:17:57.733 ----> [main] ---> DEBUG org.hibernate.type.spi.TypeConfiguration$Scope - Scoping TypeConfiguration [org.hibernate.type.spi.TypeConfiguration@31dfc6f5] to MetadataBuildingContext [org.hibernate.boot.internal.MetadataBuildingContextRootImpl@37b52340]
2020-10-29 17:17:57.750 ----> [main] ---> DEBUG org.hibernate.cfg.AnnotationBinder - Binding entity from annotated class: com.example.sam.OutSideUser
2020-10-29 17:17:57.766 ----> [main] ---> DEBUG org.hibernate.cfg.Ejb3Column - Binding column: Ejb3DiscriminatorColumn{logicalColumnName'DTYPE', discriminatorTypeName='string'}
2020-10-29 17:17:57.769 ----> [main] ---> DEBUG org.hibernate.cfg.annotations.EntityBinder - Import with entity name outside_users
2020-10-29 17:17:57.774 ----> [main] ---> DEBUG org.hibernate.cfg.annotations.EntityBinder - Bind entity com.example.sam.OutSideUser on table outside_users
2020-10-29 17:17:57.789 ----> [main] ---> DEBUG org.hibernate.cfg.Ejb3Column - Binding column: Ejb3Column{table=org.hibernate.mapping.Table(outside_users), mappingColumn=id, insertable=true, updatable=true, unique=false}
2020-10-29 17:17:57.790 ----> [main] ---> DEBUG org.hibernate.cfg.annotations.PropertyBinder - MetadataSourceProcessor property id with lazy=false
2020-10-29 17:17:57.791 ----> [main] ---> DEBUG org.hibernate.cfg.AbstractPropertyHolder - Attempting to locate auto-apply AttributeConverter for property [com.example.sam.OutSideUser:id]
2020-10-29 17:17:57.793 ----> [main] ---> DEBUG org.hibernate.cfg.annotations.SimpleValueBinder - building SimpleValue for id
2020-10-29 17:17:57.795 ----> [main] ---> DEBUG org.hibernate.cfg.annotations.PropertyBinder - Building property id
2020-10-29 17:17:57.799 ----> [main] ---> DEBUG org.hibernate.cfg.BinderHelper - #makeIdGenerator(org.hibernate.mapping.SimpleValue([org.hibernate.mapping.Column(id)]), id, assigned, , ...)
2020-10-29 17:17:57.799 ----> [main] ---> DEBUG org.hibernate.cfg.Ejb3Column - Binding column: Ejb3Column{table=org.hibernate.mapping.Table(outside_users), mappingColumn=user_name, insertable=true, updatable=true, unique=false}
2020-10-29 17:17:57.799 ----> [main] ---> DEBUG org.hibernate.cfg.annotations.PropertyBinder - MetadataSourceProcessor property userName with lazy=false
2020-10-29 17:17:57.799 ----> [main] ---> DEBUG org.hibernate.cfg.AbstractPropertyHolder - Attempting to locate auto-apply AttributeConverter for property [com.example.sam.OutSideUser:userName]
2020-10-29 17:17:57.799 ----> [main] ---> DEBUG org.hibernate.cfg.annotations.SimpleValueBinder - building SimpleValue for userName
2020-10-29 17:17:57.800 ----> [main] ---> DEBUG org.hibernate.cfg.annotations.PropertyBinder - Building property userName
2020-10-29 17:17:57.802 ----> [main] ---> DEBUG org.hibernate.cfg.annotations.SimpleValueBinder - Starting fillSimpleValue for id
2020-10-29 17:17:57.802 ----> [main] ---> DEBUG org.hibernate.cfg.annotations.SimpleValueBinder - Starting fillSimpleValue for userName
2020-10-29 17:17:57.803 ----> [main] ---> DEBUG org.hibernate.mapping.PrimaryKey - Forcing column [id] to be non-null as it is part of the primary key for table [outside_users]
2020-10-29 17:17:57.819 ----> [main] ---> DEBUG org.hibernate.internal.SessionFactoryImpl - Building session factory
2020-10-29 17:17:57.820 ----> [main] ---> DEBUG org.hibernate.cfg.Settings - SessionFactory name : null
2020-10-29 17:17:57.820 ----> [main] ---> DEBUG org.hibernate.cfg.Settings - Automatic flush during beforeCompletion(): enabled
2020-10-29 17:17:57.820 ----> [main] ---> DEBUG org.hibernate.cfg.Settings - Automatic session close at end of transaction: disabled
2020-10-29 17:17:57.820 ----> [main] ---> DEBUG org.hibernate.cfg.Settings - Statistics: disabled
2020-10-29 17:17:57.820 ----> [main] ---> DEBUG org.hibernate.cfg.Settings - Deleted entity synthetic identifier rollback: disabled
2020-10-29 17:17:57.820 ----> [main] ---> DEBUG org.hibernate.cfg.Settings - Default entity-mode: pojo
2020-10-29 17:17:57.820 ----> [main] ---> DEBUG org.hibernate.cfg.Settings - Check Nullability in Core (should be disabled when Bean Validation is on): enabled
2020-10-29 17:17:57.820 ----> [main] ---> DEBUG org.hibernate.cfg.Settings - Allow initialization of lazy state outside session : disabled
2020-10-29 17:17:57.820 ----> [main] ---> DEBUG org.hibernate.cfg.Settings - Using BatchFetchStyle : LEGACY
2020-10-29 17:17:57.820 ----> [main] ---> DEBUG org.hibernate.cfg.Settings - Default batch fetch size: -1
2020-10-29 17:17:57.820 ----> [main] ---> DEBUG org.hibernate.cfg.Settings - Maximum outer join fetch depth: 2
2020-10-29 17:17:57.820 ----> [main] ---> DEBUG org.hibernate.cfg.Settings - Default null ordering: NONE
2020-10-29 17:17:57.821 ----> [main] ---> DEBUG org.hibernate.cfg.Settings - Order SQL updates by primary key: disabled
2020-10-29 17:17:57.821 ----> [main] ---> DEBUG org.hibernate.cfg.Settings - Order SQL inserts for batching: disabled
2020-10-29 17:17:57.821 ----> [main] ---> DEBUG org.hibernate.cfg.Settings - multi-tenancy strategy : NONE
2020-10-29 17:17:57.821 ----> [main] ---> DEBUG org.hibernate.cfg.Settings - JTA Track by Thread: enabled
2020-10-29 17:17:57.821 ----> [main] ---> DEBUG org.hibernate.cfg.Settings - Query language substitutions: {}
2020-10-29 17:17:57.821 ----> [main] ---> DEBUG org.hibernate.cfg.Settings - Named query checking : enabled
2020-10-29 17:17:57.821 ----> [main] ---> DEBUG org.hibernate.cfg.Settings - Second-level cache: disabled
2020-10-29 17:17:57.821 ----> [main] ---> DEBUG org.hibernate.cfg.Settings - Second-level query cache: disabled
2020-10-29 17:17:57.821 ----> [main] ---> DEBUG org.hibernate.cfg.Settings - Second-level query cache factory: null
2020-10-29 17:17:57.821 ----> [main] ---> DEBUG org.hibernate.cfg.Settings - Second-level cache region prefix: null
2020-10-29 17:17:57.821 ----> [main] ---> DEBUG org.hibernate.cfg.Settings - Optimize second-level cache for minimal puts: disabled
2020-10-29 17:17:57.821 ----> [main] ---> DEBUG org.hibernate.cfg.Settings - Structured second-level cache entries: disabled
2020-10-29 17:17:57.821 ----> [main] ---> DEBUG org.hibernate.cfg.Settings - Second-level cache direct-reference entries: disabled
2020-10-29 17:17:57.821 ----> [main] ---> DEBUG org.hibernate.cfg.Settings - Automatic eviction of collection cache: disabled
2020-10-29 17:17:57.821 ----> [main] ---> DEBUG org.hibernate.cfg.Settings - JDBC batch size: 15
2020-10-29 17:17:57.822 ----> [main] ---> DEBUG org.hibernate.cfg.Settings - JDBC batch updates for versioned data: enabled
2020-10-29 17:17:57.822 ----> [main] ---> DEBUG org.hibernate.cfg.Settings - Scrollable result sets: enabled
2020-10-29 17:17:57.822 ----> [main] ---> DEBUG org.hibernate.cfg.Settings - Wrap result sets: disabled
2020-10-29 17:17:57.822 ----> [main] ---> DEBUG org.hibernate.cfg.Settings - JDBC3 getGeneratedKeys(): enabled
2020-10-29 17:17:57.822 ----> [main] ---> DEBUG org.hibernate.cfg.Settings - JDBC result set fetch size: null
2020-10-29 17:17:57.822 ----> [main] ---> DEBUG org.hibernate.cfg.Settings - Connection release mode: ON_CLOSE
2020-10-29 17:17:57.822 ----> [main] ---> DEBUG org.hibernate.cfg.Settings - Generate SQL with comments: disabled
2020-10-29 17:17:57.822 ----> [main] ---> DEBUG org.hibernate.cfg.Settings - JPA compliance - query : disabled
2020-10-29 17:17:57.822 ----> [main] ---> DEBUG org.hibernate.cfg.Settings - JPA compliance - closed-handling : disabled
2020-10-29 17:17:57.822 ----> [main] ---> DEBUG org.hibernate.cfg.Settings - JPA compliance - lists : disabled
2020-10-29 17:17:57.822 ----> [main] ---> DEBUG org.hibernate.cfg.Settings - JPA compliance - transactions : disabled
2020-10-29 17:17:57.853 ----> [main] ---> DEBUG org.hibernate.internal.SessionFactoryImpl - Session factory constructed with filter configurations : {}
2020-10-29 17:17:57.854 ----> [main] ---> DEBUG org.hibernate.internal.SessionFactoryImpl - Instantiating session factory with properties: {sun.desktop=windows, awt.toolkit=sun.awt.windows.WToolkit, hibernate.id.new_generator_mappings=true, java.specification.version=1.8, file.encoding.pkg=sun.io, sun.cpu.isalist=amd64, hibernate.resource.beans.container=org.springframework.orm.hibernate5.SpringBeanContainer@167381c7, hibernate.connection.handling_mode=DELAYED_ACQUISITION_AND_HOLD, sun.jnu.encoding=GBK, hibernate.implicit_naming_strategy=org.springframework.boot.orm.jpa.hibernate.SpringImplicitNamingStrategy, java.class.path=D:\team\jdk1.8\jre\lib\charsets.jar;D:\team\jdk1.8\jre\lib\deploy.jar;D:\team\jdk1.8\jre\lib\ext\access-bridge-64.jar;D:\team\jdk1.8\jre\lib\ext\cldrdata.jar;D:\team\jdk1.8\jre\lib\ext\dnsns.jar;D:\team\jdk1.8\jre\lib\ext\jaccess.jar;D:\team\jdk1.8\jre\lib\ext\jfxrt.jar;D:\team\jdk1.8\jre\lib\ext\localedata.jar;D:\team\jdk1.8\jre\lib\ext\nashorn.jar;D:\team\jdk1.8\jre\lib\ext\sunec.jar;D:\team\jdk1.8\jre\lib\ext\sunjce_provider.jar;D:\team\jdk1.8\jre\lib\ext\sunmscapi.jar;D:\team\jdk1.8\jre\lib\ext\sunpkcs11.jar;D:\team\jdk1.8\jre\lib\ext\zipfs.jar;D:\team\jdk1.8\jre\lib\javaws.jar;D:\team\jdk1.8\jre\lib\jce.jar;D:\team\jdk1.8\jre\lib\jfr.jar;D:\team\jdk1.8\jre\lib\jfxswt.jar;D:\team\jdk1.8\jre\lib\jsse.jar;D:\team\jdk1.8\jre\lib\management-agent.jar;D:\team\jdk1.8\jre\lib\plugin.jar;D:\team\jdk1.8\jre\lib\resources.jar;D:\team\jdk1.8\jre\lib\rt.jar;C:\Users\ldy\Desktop\sam\target\classes;D:\team\repo\org\springframework\boot\spring-boot-starter-data-jpa\2.3.4.RELEASE\spring-boot-starter-data-jpa-2.3.4.RELEASE.jar;D:\team\repo\org\springframework\boot\spring-boot-starter-aop\2.3.4.RELEASE\spring-boot-starter-aop-2.3.4.RELEASE.jar;D:\team\repo\org\springframework\spring-aop\5.2.9.RELEASE\spring-aop-5.2.9.RELEASE.jar;D:\team\repo\org\aspectj\aspectjweaver\1.9.6\aspectjweaver-1.9.6.jar;D:\team\repo\org\springframework\boot\spring-boot-starter-jdbc\2.3.4.RELEASE\spring-boot-starter-jdbc-2.3.4.RELEASE.jar;D:\team\repo\com\zaxxer\HikariCP\3.4.5\HikariCP-3.4.5.jar;D:\team\repo\org\springframework\spring-jdbc\5.2.9.RELEASE\spring-jdbc-5.2.9.RELEASE.jar;D:\team\repo\jakarta\transaction\jakarta.transaction-api\1.3.3\jakarta.transaction-api-1.3.3.jar;D:\team\repo\jakarta\persistence\jakarta.persistence-api\2.2.3\jakarta.persistence-api-2.2.3.jar;D:\team\repo\org\hibernate\hibernate-core\5.4.21.Final\hibernate-core-5.4.21.Final.jar;D:\team\repo\org\jboss\logging\jboss-logging\3.4.1.Final\jboss-logging-3.4.1.Final.jar;D:\team\repo\org\javassist\javassist\3.24.0-GA\javassist-3.24.0-GA.jar;D:\team\repo\net\bytebuddy\byte-buddy\1.10.14\byte-buddy-1.10.14.jar;D:\team\repo\antlr\antlr\2.7.7\antlr-2.7.7.jar;D:\team\repo\org\jboss\jandex\2.1.3.Final\jandex-2.1.3.Final.jar;D:\team\repo\com\fasterxml\classmate\1.5.1\classmate-1.5.1.jar;D:\team\repo\org\dom4j\dom4j\2.1.3\dom4j-2.1.3.jar;D:\team\repo\org\hibernate\common\hibernate-commons-annotations\5.1.0.Final\hibernate-commons-annotations-5.1.0.Final.jar;D:\team\repo\org\glassfish\jaxb\jaxb-runtime\2.3.3\jaxb-runtime-2.3.3.jar;D:\team\repo\org\glassfish\jaxb\txw2\2.3.3\txw2-2.3.3.jar;D:\team\repo\com\sun\istack\istack-commons-runtime\3.0.11\istack-commons-runtime-3.0.11.jar;D:\team\repo\com\sun\activation\jakarta.activation\1.2.2\jakarta.activation-1.2.2.jar;D:\team\repo\org\springframework\data\spring-data-jpa\2.3.4.RELEASE\spring-data-jpa-2.3.4.RELEASE.jar;D:\team\repo\org\springframework\data\spring-data-commons\2.3.4.RELEASE\spring-data-commons-2.3.4.RELEASE.jar;D:\team\repo\org\springframework\spring-orm\5.2.9.RELEASE\spring-orm-5.2.9.RELEASE.jar;D:\team\repo\org\springframework\spring-context\5.2.9.RELEASE\spring-context-5.2.9.RELEASE.jar;D:\team\repo\org\springframework\spring-tx\5.2.9.RELEASE\spring-tx-5.2.9.RELEASE.jar;D:\team\repo\org\springframework\spring-beans\5.2.9.RELEASE\spring-beans-5.2.9.RELEASE.jar;D:\team\repo\org\springframework\spring-aspects\5.2.9.RELEASE\spring-aspects-5.2.9.RELEASE.jar;D:\team\repo\org\springframework\boot\spring-boot-starter-web\2.3.4.RELEASE\spring-boot-starter-web-2.3.4.RELEASE.jar;D:\team\repo\org\springframework\boot\spring-boot-starter\2.3.4.RELEASE\spring-boot-starter-2.3.4.RELEASE.jar;D:\team\repo\org\springframework\boot\spring-boot\2.3.4.RELEASE\spring-boot-2.3.4.RELEASE.jar;D:\team\repo\org\springframework\boot\spring-boot-starter-logging\2.3.4.RELEASE\spring-boot-starter-logging-2.3.4.RELEASE.jar;D:\team\repo\ch\qos\logback\logback-classic\1.2.3\logback-classic-1.2.3.jar;D:\team\repo\ch\qos\logback\logback-core\1.2.3\logback-core-1.2.3.jar;D:\team\repo\org\apache\logging\log4j\log4j-to-slf4j\2.13.3\log4j-to-slf4j-2.13.3.jar;D:\team\repo\org\apache\logging\log4j\log4j-api\2.13.3\log4j-api-2.13.3.jar;D:\team\repo\org\slf4j\jul-to-slf4j\1.7.30\jul-to-slf4j-1.7.30.jar;D:\team\repo\jakarta\annotation\jakarta.annotation-api\1.3.5\jakarta.annotation-api-1.3.5.jar;D:\team\repo\org\yaml\snakeyaml\1.26\snakeyaml-1.26.jar;D:\team\repo\org\springframework\boot\spring-boot-starter-json\2.3.4.RELEASE\spring-boot-starter-json-2.3.4.RELEASE.jar;D:\team\repo\com\fasterxml\jackson\core\jackson-databind\2.11.2\jackson-databind-2.11.2.jar;D:\team\repo\com\fasterxml\jackson\core\jackson-annotations\2.11.2\jackson-annotations-2.11.2.jar;D:\team\repo\com\fasterxml\jackson\core\jackson-core\2.11.2\jackson-core-2.11.2.jar;D:\team\repo\com\fasterxml\jackson\datatype\jackson-datatype-jdk8\2.11.2\jackson-datatype-jdk8-2.11.2.jar;D:\team\repo\com\fasterxml\jackson\datatype\jackson-datatype-jsr310\2.11.2\jackson-datatype-jsr310-2.11.2.jar;D:\team\repo\com\fasterxml\jackson\module\jackson-module-parameter-names\2.11.2\jackson-module-parameter-names-2.11.2.jar;D:\team\repo\org\springframework\boot\spring-boot-starter-tomcat\2.3.4.RELEASE\spring-boot-starter-tomcat-2.3.4.RELEASE.jar;D:\team\repo\org\apache\tomcat\embed\tomcat-embed-core\9.0.38\tomcat-embed-core-9.0.38.jar;D:\team\repo\org\glassfish\jakarta.el\3.0.3\jakarta.el-3.0.3.jar;D:\team\repo\org\apache\tomcat\embed\tomcat-embed-websocket\9.0.38\tomcat-embed-websocket-9.0.38.jar;D:\team\repo\org\springframework\spring-web\5.2.9.RELEASE\spring-web-5.2.9.RELEASE.jar;D:\team\repo\org\springframework\spring-webmvc\5.2.9.RELEASE\spring-webmvc-5.2.9.RELEASE.jar;D:\team\repo\org\springframework\spring-expression\5.2.9.RELEASE\spring-expression-5.2.9.RELEASE.jar;D:\team\repo\jakarta\xml\bind\jakarta.xml.bind-api\2.3.3\jakarta.xml.bind-api-2.3.3.jar;D:\team\repo\jakarta\activation\jakarta.activation-api\1.2.2\jakarta.activation-api-1.2.2.jar;D:\team\repo\org\springframework\spring-core\5.2.9.RELEASE\spring-core-5.2.9.RELEASE.jar;D:\team\repo\org\springframework\spring-jcl\5.2.9.RELEASE\spring-jcl-5.2.9.RELEASE.jar;D:\team\repo\mysql\mysql-connector-java\8.0.22\mysql-connector-java-8.0.22.jar;D:\team\repo\com\baomidou\mybatis-plus-boot-starter\3.4.0\mybatis-plus-boot-starter-3.4.0.jar;D:\team\repo\com\baomidou\mybatis-plus\3.4.0\mybatis-plus-3.4.0.jar;D:\team\repo\com\baomidou\mybatis-plus-extension\3.4.0\mybatis-plus-extension-3.4.0.jar;D:\team\repo\com\baomidou\mybatis-plus-core\3.4.0\mybatis-plus-core-3.4.0.jar;D:\team\repo\com\baomidou\mybatis-plus-annotation\3.4.0\mybatis-plus-annotation-3.4.0.jar;D:\team\repo\com\github\jsqlparser\jsqlparser\3.2\jsqlparser-3.2.jar;D:\team\repo\org\mybatis\mybatis\3.5.5\mybatis-3.5.5.jar;D:\team\repo\org\mybatis\mybatis-spring\2.0.5\mybatis-spring-2.0.5.jar;D:\team\repo\org\springframework\boot\spring-boot-autoconfigure\2.3.4.RELEASE\spring-boot-autoconfigure-2.3.4.RELEASE.jar;D:\team\repo\com\alibaba\druid-spring-boot-starter\1.2.1\druid-spring-boot-starter-1.2.1.jar;D:\team\repo\com\alibaba\druid\1.2.1\druid-1.2.1.jar;D:\team\repo\javax\annotation\javax.annotation-api\1.3.2\javax.annotation-api-1.3.2.jar;D:\team\repo\org\slf4j\slf4j-api\1.7.30\slf4j-api-1.7.30.jar;D:\team\repo\org\springframework\boot\spring-boot-configuration-processor\2.3.4.RELEASE\spring-boot-configuration-processor-2.3.4.RELEASE.jar;D:\team\repo\org\projectlombok\lombok\1.18.16\lombok-1.18.16.jar;D:\team\idea\IntelliJ IDEA 2020.1.3\lib\idea_rt.jar, java.vm.vendor=Oracle Corporation, sun.arch.data.model=64, user.variant=, java.vendor.url=http://java.oracle.com/, catalina.useNaming=false, user.timezone=Asia/Shanghai, os.name=Windows 7, java.vm.specification.version=1.8, javax.persistence.validation.mode=AUTO, user.country=CN, sun.java.launcher=SUN_STANDARD, sun.boot.library.path=D:\team\jdk1.8\jre\bin, sun.java.command=com.example.sam.SamApplication, spring.application.admin.enabled=true, javax.persistence.nonJtaDataSource={
	CreateTime:"2020-10-29 17:17:57",
	ActiveCount:0,
	PoolingCount:1,
	CreateCount:1,
	DestroyCount:0,
	CloseCount:2,
	ConnectCount:2,
	Connections:[
		{ID:719146276, ConnectTime:"2020-10-29 17:17:57", UseCount:2, LastActiveTime:"2020-10-29 17:17:57"}
	]
}, hibernate.transaction.jta.platform=org.hibernate.engine.transaction.jta.platform.internal.NoJtaPlatform@608b1fd2, com.sun.management.jmxremote=, javax.persistence.sharedCache.mode=UNSPECIFIED, spring.liveBeansView.mbeanDomain=, sun.cpu.endian=little, user.home=C:\Users\ldy, user.language=zh, java.specification.vendor=Oracle Corporation, java.home=D:\team\jdk1.8\jre, file.separator=\, spring.output.ansi.enabled=always, line.separator=
, java.vm.specification.vendor=Oracle Corporation, java.specification.name=Java Platform API Specification, hibernate.transaction.coordinator_class=class org.hibernate.resource.transaction.backend.jdbc.internal.JdbcResourceLocalTransactionCoordinatorBuilderImpl, java.awt.graphicsenv=sun.awt.Win32GraphicsEnvironment, java.awt.headless=true, sun.boot.class.path=D:\team\jdk1.8\jre\lib\resources.jar;D:\team\jdk1.8\jre\lib\rt.jar;D:\team\jdk1.8\jre\lib\sunrsasign.jar;D:\team\jdk1.8\jre\lib\jsse.jar;D:\team\jdk1.8\jre\lib\jce.jar;D:\team\jdk1.8\jre\lib\charsets.jar;D:\team\jdk1.8\jre\lib\jfr.jar;D:\team\jdk1.8\jre\classes, user.script=, sun.management.compiler=HotSpot 64-Bit Tiered Compilers, java.runtime.version=1.8.0_251-b08, user.name=ldy, spring.jmx.enabled=true, path.separator=;, os.version=6.1, java.endorsed.dirs=D:\team\jdk1.8\jre\lib\endorsed, java.runtime.name=Java(TM) SE Runtime Environment, file.encoding=UTF-8, hibernate.ejb.persistenceUnitName=default, spring.beaninfo.ignore=true, java.vm.name=Java HotSpot(TM) 64-Bit Server VM, hibernate.show_sql=true, java.vendor.url.bug=http://bugreport.sun.com/bugreport/, java.io.tmpdir=C:\Users\ldy\AppData\Local\Temp\, catalina.home=C:\Users\ldy\AppData\Local\Temp\tomcat.5548839785947697282.8080, java.version=1.8.0_251, hibernate.physical_naming_strategy=org.springframework.boot.orm.jpa.hibernate.SpringPhysicalNamingStrategy, user.dir=C:\Users\ldy\Desktop\sam, os.arch=amd64, java.vm.specification.name=Java Virtual Machine Specification, PID=9612, java.awt.printerjob=sun.awt.windows.WPrinterJob, sun.os.patch.level=Service Pack 1, catalina.base=C:\Users\ldy\AppData\Local\Temp\tomcat.5548839785947697282.8080, hibernate.boot.CfgXmlAccessService.key=org.hibernate.boot.registry.StandardServiceRegistryBuilder$1@56382bc9, java.library.path=D:\team\jdk1.8\bin;C:\Windows\Sun\Java\bin;C:\Windows\system32;C:\Windows;D:\team\CRT\;C:\Windows\system32;C:\Windows;C:\Windows\System32\Wbem;C:\Windows\System32\WindowsPowerShell\v1.0\;D:\team\jdk1.8\bin;D:\team\apache-maven-3.6.3-bin\apache-maven-3.6.3\bin;D:\team\tortoiseSVN\bin;C:\Program Files\Git\cmd;., java.vendor=Oracle Corporation, java.vm.info=mixed mode, java.vm.version=25.251-b08, hibernate.bytecode.use_reflection_optimizer=false, java.rmi.server.randomIDs=true, sun.io.unicode.encoding=UnicodeLittle, hibernate.archive.scanner=org.hibernate.boot.archive.scan.internal.DisabledScanner, java.ext.dirs=D:\team\jdk1.8\jre\lib\ext;C:\Windows\Sun\Java\lib\ext, hibernate.connection.datasource={
	CreateTime:"2020-10-29 17:17:57",
	ActiveCount:0,
	PoolingCount:1,
	CreateCount:1,
	DestroyCount:0,
	CloseCount:2,
	ConnectCount:2,
	Connections:[
		{ID:719146276, ConnectTime:"2020-10-29 17:17:57", UseCount:2, LastActiveTime:"2020-10-29 17:17:57"}
	]
}, java.class.version=52.0}
2020-10-29 17:17:57.862 ----> [main] ---> DEBUG org.hibernate.secure.spi.JaccIntegrator - Skipping JACC integration as it was not enabled
2020-10-29 17:17:57.863 ----> [main] ---> DEBUG org.hibernate.internal.SessionFactoryImpl - Instantiated session factory
2020-10-29 17:17:57.863 ----> [main] ---> DEBUG org.hibernate.type.spi.TypeConfiguration$Scope - Scoping TypeConfiguration [org.hibernate.type.spi.TypeConfiguration@31dfc6f5] to SessionFactoryImpl [org.hibernate.internal.SessionFactoryImpl@77f905e3]
2020-10-29 17:17:57.882 ----> [main] ---> DEBUG org.hibernate.boot.internal.ClassLoaderAccessImpl - Not known whether passed class name [com.example.sam.OutSideUser] is safe
2020-10-29 17:17:57.882 ----> [main] ---> DEBUG org.hibernate.boot.internal.ClassLoaderAccessImpl - No temp ClassLoader provided; using live ClassLoader for loading potentially unsafe class : com.example.sam.OutSideUser
2020-10-29 17:17:57.891 ----> [main] ---> DEBUG org.hibernate.boot.internal.ClassLoaderAccessImpl - Not known whether passed class name [com.example.sam.OutSideUser] is safe
2020-10-29 17:17:57.891 ----> [main] ---> DEBUG org.hibernate.boot.internal.ClassLoaderAccessImpl - No temp ClassLoader provided; using live ClassLoader for loading potentially unsafe class : com.example.sam.OutSideUser
2020-10-29 17:17:58.024 ----> [main] ---> DEBUG o.h.persister.entity.AbstractEntityPersister - Static SQL for entity: com.example.sam.OutSideUser
2020-10-29 17:17:58.025 ----> [main] ---> DEBUG o.h.persister.entity.AbstractEntityPersister -  Version select: select id from outside_users where id =?
2020-10-29 17:17:58.025 ----> [main] ---> DEBUG o.h.persister.entity.AbstractEntityPersister -  Snapshot select: select outsideuse_.id, outsideuse_.user_name as user_nam2_0_ from outside_users outsideuse_ where outsideuse_.id=?
2020-10-29 17:17:58.025 ----> [main] ---> DEBUG o.h.persister.entity.AbstractEntityPersister -  Insert 0: insert into outside_users (user_name, id) values (?, ?)
2020-10-29 17:17:58.025 ----> [main] ---> DEBUG o.h.persister.entity.AbstractEntityPersister -  Update 0: update outside_users set user_name=? where id=?
2020-10-29 17:17:58.025 ----> [main] ---> DEBUG o.h.persister.entity.AbstractEntityPersister -  Delete 0: delete from outside_users where id=?
2020-10-29 17:17:58.043 ----> [main] ---> DEBUG o.h.l.plan.build.internal.spaces.QuerySpacesImpl - Adding QuerySpace : uid = <gen:0> -> org.hibernate.loader.plan.build.internal.spaces.EntityQuerySpaceImpl@3f6f3cc]
2020-10-29 17:17:58.044 ----> [main] ---> DEBUG o.h.persister.walking.spi.MetamodelGraphWalker - Visiting attribute path : userName
2020-10-29 17:17:58.044 ----> [main] ---> DEBUG o.h.l.p.b.i.FetchStyleLoadPlanBuildingAssociationVisitationStrategy - Building LoadPlan...
2020-10-29 17:17:58.050 ----> [main] ---> DEBUG o.h.l.p.e.internal.LoadQueryJoinAndFetchProcessor - processing queryspace <gen:0>
2020-10-29 17:17:58.053 ----> [main] ---> DEBUG o.h.loader.plan.build.spi.LoadPlanTreePrinter - LoadPlan(entity=com.example.sam.OutSideUser)
    - Returns
       - EntityReturnImpl(entity=com.example.sam.OutSideUser, querySpaceUid=<gen:0>, path=com.example.sam.OutSideUser)
    - QuerySpaces
       - EntityQuerySpaceImpl(uid=<gen:0>, entity=com.example.sam.OutSideUser)
          - SQL table alias mapping - outsideuse0_
          - alias suffix - 0_
          - suffixed key columns - {id1_0_0_}

2020-10-29 17:17:58.055 ----> [main] ---> DEBUG org.hibernate.loader.entity.plan.EntityLoader - Static select for entity com.example.sam.OutSideUser [NONE]: select outsideuse0_.id as id1_0_0_, outsideuse0_.user_name as user_nam2_0_0_ from outside_users outsideuse0_ where outsideuse0_.id=?
2020-10-29 17:17:58.055 ----> [main] ---> DEBUG o.h.l.plan.build.internal.spaces.QuerySpacesImpl - Adding QuerySpace : uid = <gen:0> -> org.hibernate.loader.plan.build.internal.spaces.EntityQuerySpaceImpl@3d620a1]
2020-10-29 17:17:58.055 ----> [main] ---> DEBUG o.h.persister.walking.spi.MetamodelGraphWalker - Visiting attribute path : userName
2020-10-29 17:17:58.055 ----> [main] ---> DEBUG o.h.l.p.b.i.FetchStyleLoadPlanBuildingAssociationVisitationStrategy - Building LoadPlan...
2020-10-29 17:17:58.055 ----> [main] ---> DEBUG o.h.l.p.e.internal.LoadQueryJoinAndFetchProcessor - processing queryspace <gen:0>
2020-10-29 17:17:58.055 ----> [main] ---> DEBUG o.h.loader.plan.build.spi.LoadPlanTreePrinter - LoadPlan(entity=com.example.sam.OutSideUser)
    - Returns
       - EntityReturnImpl(entity=com.example.sam.OutSideUser, querySpaceUid=<gen:0>, path=com.example.sam.OutSideUser)
    - QuerySpaces
       - EntityQuerySpaceImpl(uid=<gen:0>, entity=com.example.sam.OutSideUser)
          - SQL table alias mapping - outsideuse0_
          - alias suffix - 0_
          - suffixed key columns - {id1_0_0_}

2020-10-29 17:17:58.055 ----> [main] ---> DEBUG org.hibernate.loader.entity.plan.EntityLoader - Static select for entity com.example.sam.OutSideUser [READ]: select outsideuse0_.id as id1_0_0_, outsideuse0_.user_name as user_nam2_0_0_ from outside_users outsideuse0_ where outsideuse0_.id=?
2020-10-29 17:17:58.062 ----> [main] ---> DEBUG org.hibernate.loader.Loader - Static select for action ACTION_MERGE on entity com.example.sam.OutSideUser: select outsideuse0_.id as id1_0_0_, outsideuse0_.user_name as user_nam2_0_0_ from outside_users outsideuse0_ where outsideuse0_.id=?
2020-10-29 17:17:58.062 ----> [main] ---> DEBUG org.hibernate.loader.Loader - Static select for action ACTION_REFRESH on entity com.example.sam.OutSideUser: select outsideuse0_.id as id1_0_0_, outsideuse0_.user_name as user_nam2_0_0_ from outside_users outsideuse0_ where outsideuse0_.id=?
2020-10-29 17:17:58.077 ----> [main] ---> DEBUG o.h.t.schema.spi.SchemaManagementToolCoordinator - No actions specified; doing nothing
2020-10-29 17:17:58.078 ----> [main] ---> DEBUG org.hibernate.query.spi.NamedQueryRepository - Checking 0 named HQL queries
2020-10-29 17:17:58.078 ----> [main] ---> DEBUG org.hibernate.query.spi.NamedQueryRepository - Checking 0 named SQL queries
2020-10-29 17:17:58.083 ----> [main] ---> DEBUG org.hibernate.internal.SessionFactoryRegistry - Initializing SessionFactoryRegistry : org.hibernate.internal.SessionFactoryRegistry@da4cf09
2020-10-29 17:17:58.084 ----> [main] ---> DEBUG org.hibernate.internal.SessionFactoryRegistry - Registering SessionFactory: 4c163e83-e78d-496d-8337-10a6b6622363 (<unnamed>)
2020-10-29 17:17:58.084 ----> [main] ---> DEBUG org.hibernate.internal.SessionFactoryRegistry - Not binding SessionFactory to JNDI, no JNDI name configured
2020-10-29 17:17:58.344 ----> [main] ---> DEBUG org.hibernate.stat.internal.StatisticsInitiator - Statistics initialized [enabled=false]
2020-10-29 17:17:58.404 ----> [main] ---> DEBUG com.example.sam.SamApplication - --------hhahahahha 
2020-10-29 17:17:58.425 ----> [main] ---> DEBUG o.h.engine.transaction.internal.TransactionImpl - On TransactionImpl creation, JpaCompliance#isJpaTransactionComplianceEnabled == false
2020-10-29 17:17:58.425 ----> [main] ---> DEBUG o.h.engine.transaction.internal.TransactionImpl - begin
2020-10-29 17:17:58.436 ----> [main] ---> DEBUG o.h.query.criteria.internal.CriteriaQueryImpl - Rendered criteria query -> select generatedAlias0 from outside_users as generatedAlias0
2020-10-29 17:17:58.446 ----> [main] ---> DEBUG o.h.hql.internal.QueryTranslatorFactoryInitiator - QueryTranslatorFactory: org.hibernate.hql.internal.ast.ASTQueryTranslatorFactory@5c8d58ed
2020-10-29 17:17:58.457 ----> [main] ---> DEBUG org.hibernate.hql.internal.ast.QueryTranslatorImpl - parse() - HQL: select generatedAlias0 from com.example.sam.OutSideUser as generatedAlias0
2020-10-29 17:17:58.461 ----> [main] ---> DEBUG org.hibernate.hql.internal.ast.ErrorTracker - throwQueryException() : no errors
2020-10-29 17:17:58.465 ----> [main] ---> DEBUG org.hibernate.hql.internal.ast.QueryTranslatorImpl - --- HQL AST ---
 \-[QUERY] Node: 'query'
    \-[SELECT_FROM] Node: 'SELECT_FROM'
       +-[FROM] Node: 'from'
       |  \-[RANGE] Node: 'RANGE'
       |     +-[DOT] Node: '.'
       |     |  +-[DOT] Node: '.'
       |     |  |  +-[DOT] Node: '.'
       |     |  |  |  +-[IDENT] Node: 'com'
       |     |  |  |  \-[IDENT] Node: 'example'
       |     |  |  \-[IDENT] Node: 'sam'
       |     |  \-[IDENT] Node: 'OutSideUser'
       |     \-[ALIAS] Node: 'generatedAlias0'
       \-[SELECT] Node: 'select'
          \-[IDENT] Node: 'generatedAlias0'

2020-10-29 17:17:58.476 ----> [main] ---> DEBUG org.hibernate.hql.internal.antlr.HqlSqlBaseWalker - select << begin [level=1, statement=select]
2020-10-29 17:17:58.486 ----> [main] ---> DEBUG org.hibernate.hql.internal.ast.tree.FromElement - FromClause{level=1} : com.example.sam.OutSideUser (generatedAlias0) -> outsideuse0_
2020-10-29 17:17:58.487 ----> [main] ---> DEBUG o.h.hql.internal.ast.tree.FromReferenceNode - Resolved : generatedAlias0 -> outsideuse0_.id
2020-10-29 17:17:58.488 ----> [main] ---> DEBUG org.hibernate.hql.internal.antlr.HqlSqlBaseWalker - select : finishing up [level=1, statement=select]
2020-10-29 17:17:58.488 ----> [main] ---> DEBUG org.hibernate.hql.internal.ast.HqlSqlWalker - processQuery() :  ( SELECT ( {select clause} outsideuse0_.id ) ( FromClause{level=1} outside_users outsideuse0_ ) )
2020-10-29 17:17:58.493 ----> [main] ---> DEBUG org.hibernate.hql.internal.ast.util.JoinProcessor - Tables referenced from query nodes:
 \-QueryNode
    +-SelectClause
    | referencedTables(entity OutSideUser): [outside_users]
    |  +-IdentNode
    |  | persister: SingleTableEntityPersister(com.example.sam.OutSideUser)
    |  | originalText: generatedAlias0
    |  \-SqlFragment
    \-FromClause
       \-FromElement

2020-10-29 17:17:58.496 ----> [main] ---> DEBUG org.hibernate.hql.internal.ast.util.JoinProcessor - Using FROM fragment [outside_users outsideuse0_]
2020-10-29 17:17:58.497 ----> [main] ---> DEBUG org.hibernate.hql.internal.antlr.HqlSqlBaseWalker - select >> end [level=1, statement=select]
2020-10-29 17:17:58.497 ----> [main] ---> DEBUG org.hibernate.hql.internal.ast.QueryTranslatorImpl - --- SQL AST ---
 \-[SELECT] QueryNode: 'SELECT'  querySpaces (outside_users)
    +-[SELECT_CLAUSE] SelectClause: '{select clause}'
    |  +-[ALIAS_REF] IdentNode: 'outsideuse0_.id as id1_0_' {alias=generatedAlias0, className=com.example.sam.OutSideUser, tableAlias=outsideuse0_}
    |  \-[SQL_TOKEN] SqlFragment: 'outsideuse0_.user_name as user_nam2_0_'
    \-[FROM] FromClause: 'from' FromClause{level=1, fromElementCounter=1, fromElements=1, fromElementByClassAlias=[generatedAlias0], fromElementByTableAlias=[outsideuse0_], fromElementsByPath=[], collectionJoinFromElementsByPath=[], impliedElements=[]}
       \-[FROM_FRAGMENT] FromElement: 'outside_users outsideuse0_' FromElement{explicit,not a collection join,not a fetch join,fetch non-lazy properties,classAlias=generatedAlias0,role=null,tableName=outside_users,tableAlias=outsideuse0_,origin=null,columns={,className=com.example.sam.OutSideUser}}

2020-10-29 17:17:58.497 ----> [main] ---> DEBUG org.hibernate.hql.internal.ast.ErrorTracker - throwQueryException() : no errors
2020-10-29 17:17:58.500 ----> [main] ---> DEBUG org.hibernate.hql.internal.ast.QueryTranslatorImpl - HQL: select generatedAlias0 from com.example.sam.OutSideUser as generatedAlias0
2020-10-29 17:17:58.501 ----> [main] ---> DEBUG org.hibernate.hql.internal.ast.QueryTranslatorImpl - SQL: select outsideuse0_.id as id1_0_, outsideuse0_.user_name as user_nam2_0_ from outside_users outsideuse0_
2020-10-29 17:17:58.501 ----> [main] ---> DEBUG org.hibernate.hql.internal.ast.ErrorTracker - throwQueryException() : no errors
2020-10-29 17:17:58.514 ----> [main] ---> DEBUG org.hibernate.SQL - select outsideuse0_.id as id1_0_, outsideuse0_.user_name as user_nam2_0_ from outside_users outsideuse0_ limit ?, ?
2020-10-29 17:17:58.531 ----> [main] ---> DEBUG org.hibernate.loader.Loader - Result set row: 0
2020-10-29 17:17:58.533 ----> [main] ---> DEBUG org.hibernate.loader.Loader - Result row: EntityKey[com.example.sam.OutSideUser#76]
2020-10-29 17:17:58.538 ----> [main] ---> DEBUG org.hibernate.loader.Loader - Result set row: 1
2020-10-29 17:17:58.538 ----> [main] ---> DEBUG org.hibernate.loader.Loader - Result row: EntityKey[com.example.sam.OutSideUser#77]
2020-10-29 17:17:58.538 ----> [main] ---> DEBUG org.hibernate.loader.Loader - Result set row: 2
2020-10-29 17:17:58.538 ----> [main] ---> DEBUG org.hibernate.loader.Loader - Result row: EntityKey[com.example.sam.OutSideUser#78]
2020-10-29 17:17:58.538 ----> [main] ---> DEBUG org.hibernate.loader.Loader - Result set row: 3
2020-10-29 17:17:58.539 ----> [main] ---> DEBUG org.hibernate.loader.Loader - Result row: EntityKey[com.example.sam.OutSideUser#79]
2020-10-29 17:17:58.539 ----> [main] ---> DEBUG org.hibernate.loader.Loader - Result set row: 4
2020-10-29 17:17:58.539 ----> [main] ---> DEBUG org.hibernate.loader.Loader - Result row: EntityKey[com.example.sam.OutSideUser#83]
2020-10-29 17:17:58.539 ----> [main] ---> DEBUG org.hibernate.loader.Loader - Result set row: 5
2020-10-29 17:17:58.539 ----> [main] ---> DEBUG org.hibernate.loader.Loader - Result row: EntityKey[com.example.sam.OutSideUser#87]
2020-10-29 17:17:58.539 ----> [main] ---> DEBUG org.hibernate.loader.Loader - Result set row: 6
2020-10-29 17:17:58.539 ----> [main] ---> DEBUG org.hibernate.loader.Loader - Result row: EntityKey[com.example.sam.OutSideUser#82]
2020-10-29 17:17:58.540 ----> [main] ---> DEBUG org.hibernate.engine.internal.TwoPhaseLoad - Resolving attributes for [com.example.sam.OutSideUser#76]
2020-10-29 17:17:58.541 ----> [main] ---> DEBUG org.hibernate.engine.internal.TwoPhaseLoad - Processing attribute `userName` : value = t1
2020-10-29 17:17:58.541 ----> [main] ---> DEBUG org.hibernate.engine.internal.TwoPhaseLoad - Attribute (`userName`)  - enhanced for lazy-loading? - false
2020-10-29 17:17:58.541 ----> [main] ---> DEBUG org.hibernate.engine.internal.TwoPhaseLoad - Done materializing entity [com.example.sam.OutSideUser#76]
2020-10-29 17:17:58.542 ----> [main] ---> DEBUG org.hibernate.engine.internal.TwoPhaseLoad - Resolving attributes for [com.example.sam.OutSideUser#77]
2020-10-29 17:17:58.542 ----> [main] ---> DEBUG org.hibernate.engine.internal.TwoPhaseLoad - Processing attribute `userName` : value = t12
2020-10-29 17:17:58.542 ----> [main] ---> DEBUG org.hibernate.engine.internal.TwoPhaseLoad - Attribute (`userName`)  - enhanced for lazy-loading? - false
2020-10-29 17:17:58.542 ----> [main] ---> DEBUG org.hibernate.engine.internal.TwoPhaseLoad - Done materializing entity [com.example.sam.OutSideUser#77]
2020-10-29 17:17:58.542 ----> [main] ---> DEBUG org.hibernate.engine.internal.TwoPhaseLoad - Resolving attributes for [com.example.sam.OutSideUser#78]
2020-10-29 17:17:58.542 ----> [main] ---> DEBUG org.hibernate.engine.internal.TwoPhaseLoad - Processing attribute `userName` : value = t12
2020-10-29 17:17:58.542 ----> [main] ---> DEBUG org.hibernate.engine.internal.TwoPhaseLoad - Attribute (`userName`)  - enhanced for lazy-loading? - false
2020-10-29 17:17:58.542 ----> [main] ---> DEBUG org.hibernate.engine.internal.TwoPhaseLoad - Done materializing entity [com.example.sam.OutSideUser#78]
2020-10-29 17:17:58.542 ----> [main] ---> DEBUG org.hibernate.engine.internal.TwoPhaseLoad - Resolving attributes for [com.example.sam.OutSideUser#79]
2020-10-29 17:17:58.542 ----> [main] ---> DEBUG org.hibernate.engine.internal.TwoPhaseLoad - Processing attribute `userName` : value = t122
2020-10-29 17:17:58.542 ----> [main] ---> DEBUG org.hibernate.engine.internal.TwoPhaseLoad - Attribute (`userName`)  - enhanced for lazy-loading? - false
2020-10-29 17:17:58.542 ----> [main] ---> DEBUG org.hibernate.engine.internal.TwoPhaseLoad - Done materializing entity [com.example.sam.OutSideUser#79]
2020-10-29 17:17:58.542 ----> [main] ---> DEBUG org.hibernate.engine.internal.TwoPhaseLoad - Resolving attributes for [com.example.sam.OutSideUser#83]
2020-10-29 17:17:58.542 ----> [main] ---> DEBUG org.hibernate.engine.internal.TwoPhaseLoad - Processing attribute `userName` : value = a'd'fa
2020-10-29 17:17:58.542 ----> [main] ---> DEBUG org.hibernate.engine.internal.TwoPhaseLoad - Attribute (`userName`)  - enhanced for lazy-loading? - false
2020-10-29 17:17:58.542 ----> [main] ---> DEBUG org.hibernate.engine.internal.TwoPhaseLoad - Done materializing entity [com.example.sam.OutSideUser#83]
2020-10-29 17:17:58.543 ----> [main] ---> DEBUG org.hibernate.engine.internal.TwoPhaseLoad - Resolving attributes for [com.example.sam.OutSideUser#87]
2020-10-29 17:17:58.543 ----> [main] ---> DEBUG org.hibernate.engine.internal.TwoPhaseLoad - Processing attribute `userName` : value = 
2020-10-29 17:17:58.543 ----> [main] ---> DEBUG org.hibernate.engine.internal.TwoPhaseLoad - Attribute (`userName`)  - enhanced for lazy-loading? - false
2020-10-29 17:17:58.543 ----> [main] ---> DEBUG org.hibernate.engine.internal.TwoPhaseLoad - Done materializing entity [com.example.sam.OutSideUser#87]
2020-10-29 17:17:58.543 ----> [main] ---> DEBUG org.hibernate.engine.internal.TwoPhaseLoad - Resolving attributes for [com.example.sam.OutSideUser#82]
2020-10-29 17:17:58.543 ----> [main] ---> DEBUG org.hibernate.engine.internal.TwoPhaseLoad - Processing attribute `userName` : value = t1y1jgy2
2020-10-29 17:17:58.543 ----> [main] ---> DEBUG org.hibernate.engine.internal.TwoPhaseLoad - Attribute (`userName`)  - enhanced for lazy-loading? - false
2020-10-29 17:17:58.543 ----> [main] ---> DEBUG org.hibernate.engine.internal.TwoPhaseLoad - Done materializing entity [com.example.sam.OutSideUser#82]
2020-10-29 17:17:58.552 ----> [main] ---> DEBUG o.h.engine.transaction.internal.TransactionImpl - committing
2020-10-29 17:19:04.272 ----> [main] ---> DEBUG com.example.sam.SamApplication - Running with Spring Boot v2.3.4.RELEASE, Spring v5.2.9.RELEASE
2020-10-29 17:19:06.665 ----> [main] ---> DEBUG com.example.sam.SamApplication - --------hhahahahha 
2020-10-29 17:19:45.500 ----> [main] ---> DEBUG com.example.sam.SamApplication - Running with Spring Boot v2.3.4.RELEASE, Spring v5.2.9.RELEASE
2020-10-29 17:19:47.816 ----> [main] ---> DEBUG com.example.sam.SamApplication - --------hhahahahha 
2020-10-29 17:19:47.905 ----> [main] ---> DEBUG org.hibernate.SQL - select outsideuse0_.id as id1_0_, outsideuse0_.user_name as user_nam2_0_ from outside_users outsideuse0_ limit ?, ?
2020-10-29 17:21:26.266 ----> [main] ---> DEBUG com.example.sam.SamApplication - Running with Spring Boot v2.3.4.RELEASE, Spring v5.2.9.RELEASE
2020-10-29 17:21:28.536 ----> [main] ---> DEBUG com.example.sam.SamApplication - --------hhahahahha 
2020-10-29 17:21:28.627 ----> [main] ---> DEBUG org.hibernate.SQL - select outsideuse0_.id as id1_0_, outsideuse0_.user_name as user_nam2_0_ from outside_users outsideuse0_ limit ?, ?
2020-10-29 17:21:58.706 ----> [main] ---> DEBUG com.example.sam.SamApplication - Running with Spring Boot v2.3.4.RELEASE, Spring v5.2.9.RELEASE
2020-10-29 17:22:01.037 ----> [main] ---> DEBUG com.example.sam.SamApplication - --------hhahahahha 
2020-10-29 17:22:01.128 ----> [main] ---> DEBUG org.hibernate.SQL - select outsideuse0_.id as id1_0_, outsideuse0_.user_name as user_nam2_0_ from outside_users outsideuse0_ limit ?, ?
2020-10-29 17:23:59.264 ----> [main] ---> DEBUG com.example.sam.SamApplication - Running with Spring Boot v2.3.4.RELEASE, Spring v5.2.9.RELEASE
2020-10-29 17:24:01.682 ----> [main] ---> DEBUG com.example.sam.SamApplication - --------hhahahahha 
2020-10-29 17:24:01.770 ----> [main] ---> DEBUG org.hibernate.SQL - select outsideuse0_.id as id1_0_, outsideuse0_.user_name as user_nam2_0_ from outside_users outsideuse0_ limit ?, ?
2020-10-29 17:24:14.502 ----> [main] ---> DEBUG com.example.sam.SamApplication - Running with Spring Boot v2.3.4.RELEASE, Spring v5.2.9.RELEASE
2020-10-29 17:24:17.829 ----> [main] ---> DEBUG com.example.sam.SamApplication - --------hhahahahha 
2020-10-29 17:24:17.925 ----> [main] ---> DEBUG org.hibernate.SQL - select outsideuse0_.id as id1_0_, outsideuse0_.user_name as user_nam2_0_ from outside_users outsideuse0_ limit ?, ?
2020-10-29 17:25:47.264 ----> [main] ---> DEBUG com.example.sam.SamApplication - Running with Spring Boot v2.3.4.RELEASE, Spring v5.2.9.RELEASE
2020-10-29 17:25:49.588 ----> [main] ---> DEBUG com.example.sam.SamApplication - --------hhahahahha 
2020-10-29 17:25:49.677 ----> [main] ---> DEBUG org.hibernate.SQL - select outsideuse0_.id as id1_0_, outsideuse0_.user_name as user_nam2_0_ from outside_users outsideuse0_ limit ?, ?
2020-10-29 17:27:39.674 ----> [main] ---> DEBUG com.example.sam.SamApplication - Running with Spring Boot v2.3.4.RELEASE, Spring v5.2.9.RELEASE
2020-10-29 17:27:42.117 ----> [main] ---> DEBUG com.example.sam.SamApplication - --------hhahahahha 
2020-10-29 17:27:42.216 ----> [main] ---> DEBUG org.hibernate.SQL - select outsideuse0_.id as id1_0_, outsideuse0_.user_name as user_nam2_0_ from outside_users outsideuse0_ limit ?, ?
2020-10-29 17:28:12.916 ----> [main] ---> DEBUG com.example.sam.SamApplication - Running with Spring Boot v2.3.4.RELEASE, Spring v5.2.9.RELEASE
2020-10-29 17:28:15.338 ----> [main] ---> DEBUG com.example.sam.SamApplication - --------hhahahahha 
2020-10-29 17:28:15.449 ----> [main] ---> DEBUG org.hibernate.SQL - select outsideuse0_.id as id1_0_, outsideuse0_.user_name as user_nam2_0_ from outside_users outsideuse0_ limit ?, ?
2020-10-29 17:28:42.916 ----> [main] ---> DEBUG com.example.sam.SamApplication - Running with Spring Boot v2.3.4.RELEASE, Spring v5.2.9.RELEASE
2020-10-29 17:28:45.207 ----> [main] ---> DEBUG com.example.sam.SamApplication - --------hhahahahha 
2020-10-29 17:28:45.311 ----> [main] ---> DEBUG org.hibernate.SQL - select outsideuse0_.id as id1_0_, outsideuse0_.user_name as user_nam2_0_ from outside_users outsideuse0_ limit ?, ?
2020-10-29 17:29:28.606 ----> [main] ---> DEBUG com.example.sam.SamApplication - Running with Spring Boot v2.3.4.RELEASE, Spring v5.2.9.RELEASE
2020-10-29 17:29:30.820 ----> [main] ---> DEBUG com.example.sam.SamApplication - --------hhahahahha 
2020-10-29 17:29:30.912 ----> [main] ---> DEBUG org.hibernate.SQL - select outsideuse0_.id as id1_0_, outsideuse0_.user_name as user_nam2_0_ from outside_users outsideuse0_ limit ?, ?
2020-10-29 17:31:48.933 ----> [main] ---> DEBUG com.example.sam.SamApplication - Running with Spring Boot v2.3.4.RELEASE, Spring v5.2.9.RELEASE
2020-10-29 17:31:51.392 ----> [main] ---> DEBUG com.example.sam.SamApplication - --------hhahahahha 
2020-10-29 17:31:51.492 ----> [main] ---> DEBUG org.hibernate.SQL - select outsideuse0_.id as id1_0_, outsideuse0_.user_name as user_nam2_0_ from outside_users outsideuse0_ limit ?, ?
2020-10-29 17:32:18.269 ----> [main] ---> DEBUG com.example.sam.SamApplication - Running with Spring Boot v2.3.4.RELEASE, Spring v5.2.9.RELEASE
2020-10-29 17:32:20.562 ----> [main] ---> DEBUG com.example.sam.SamApplication - --------hhahahahha 
2020-10-29 17:33:12.856 ----> [main] ---> DEBUG com.example.sam.SamApplication - Running with Spring Boot v2.3.4.RELEASE, Spring v5.2.9.RELEASE
2020-10-29 17:33:20.106 ----> [main] ---> DEBUG com.example.sam.SamApplication - --------hhahahahha 
2020-10-29 17:33:44.487 ----> [main] ---> DEBUG com.example.sam.SamApplication - Running with Spring Boot v2.3.4.RELEASE, Spring v5.2.9.RELEASE
2020-10-29 17:33:47.222 ----> [main] ---> DEBUG com.example.sam.SamApplication - --------hhahahahha 
2020-10-29 17:37:27.266 ----> [main] ---> DEBUG com.example.sam.SamApplication - Running with Spring Boot v2.3.4.RELEASE, Spring v5.2.9.RELEASE
2020-10-29 17:37:30.099 ----> [main] ---> DEBUG com.example.sam.SamApplication - --------hhahahahha 
2020-10-29 17:39:49.109 ----> [main] ---> DEBUG com.example.sam.SamApplication - Running with Spring Boot v2.3.4.RELEASE, Spring v5.2.9.RELEASE
2020-10-29 17:39:51.957 ----> [main] ---> DEBUG com.example.sam.SamApplication - --------hhahahahha 
2020-10-29 17:40:35.094 ----> [main] ---> DEBUG com.example.sam.SamApplication - Running with Spring Boot v2.3.4.RELEASE, Spring v5.2.9.RELEASE
2020-10-29 17:40:37.906 ----> [main] ---> DEBUG com.example.sam.SamApplication - --------hhahahahha 
2020-10-29 17:44:55.452 ----> [main] ---> DEBUG com.example.sam.SamApplication - Running with Spring Boot v2.3.4.RELEASE, Spring v5.2.9.RELEASE
2020-10-29 17:44:57.851 ----> [main] ---> DEBUG com.example.sam.SamApplication - --------hhahahahha 
2020-10-29 17:46:40.941 ----> [main] ---> DEBUG com.example.sam.SamApplication - Running with Spring Boot v2.3.4.RELEASE, Spring v5.2.9.RELEASE
2020-10-29 17:46:43.322 ----> [main] ---> DEBUG com.example.sam.SamApplication - --------hhahahahha 
2020-10-29 17:50:35.105 ----> [main] ---> DEBUG com.example.sam.SamApplication - Running with Spring Boot v2.3.4.RELEASE, Spring v5.2.9.RELEASE
2020-10-29 17:50:37.636 ----> [main] ---> DEBUG com.example.sam.SamApplication - --------hhahahahha 
2020-10-29 17:51:09.646 ----> [main] ---> DEBUG com.example.sam.SamApplication - Running with Spring Boot v2.3.4.RELEASE, Spring v5.2.9.RELEASE
2020-10-29 17:51:13.104 ----> [main] ---> DEBUG com.example.sam.SamApplication - --------hhahahahha 
